29.04.2013 15:56:09

ERROR: Download of "http://www.internetworldstats.com/stats21.htm",
	referenced from "http://www.internetworldstats.com/",
	failed with error code -1100 (File does not exist.)
ERROR: Download of "http://www.internetworldstats.com/stats22.htm",
	referenced from "http://www.internetworldstats.com/",
	failed with error code -1100 (File does not exist.)
ERROR: Download of "http://www.internetworldstats.com/images/eu2012pr.png",
	referenced from "http://www.internetworldstats.com/stats9.htm",
	failed with error code -1100 (File does not exist.)
ERROR: Download of "http://www.internetworldstats.com/images/eu2012top.png",
	referenced from "http://www.internetworldstats.com/stats9.htm",
	failed with error code -1100 (File does not exist.)
ERROR: Download of "http://www.internetworldstats.com/list4.htm",
	referenced from "http://www.internetworldstats.com/reports.htm",
	failed with error code -1100 (File does not exist.)
ERROR: Download of "http://www.internetworldstats.com/af/cv.htm",
	referenced from "http://www.internetworldstats.com/africa.htm",
	failed with error code -1100 (File does not exist.)
ERROR: Download of "http://www.internetworldstats.com/am/bq.htm",
	referenced from "http://www.internetworldstats.com/carib.htm",
	failed with error code -1100 (File does not exist.)
ERROR: Download of "http://www.internetworldstats.com/car/cw.htm",
	referenced from "http://www.internetworldstats.com/carib.htm",
	failed with error code -1100 (File does not exist.)
ERROR: Download of "http://www.internetworldstats.com/car/mq.htm",
	referenced from "http://www.internetworldstats.com/carib.htm",
	failed with error code -1100 (File does not exist.)
ERROR: Download of "http://www.internetworldstats.com/car/ms.htm",
	referenced from "http://www.internetworldstats.com/carib.htm",
	failed with error code -1100 (File does not exist.)
ERROR: Download of "http://www.internetworldstats.com/car/mf.htm",
	referenced from "http://www.internetworldstats.com/carib.htm",
	failed with error code -1100 (File does not exist.)
ERROR: Download of "http://www.internetworldstats.com/car/bl.htm",
	referenced from "http://www.internetworldstats.com/carib.htm",
	failed with error code -1100 (File does not exist.)
ERROR: Download of "http://www.internetworldstats.com/car/sx.htm",
	referenced from "http://www.internetworldstats.com/carib.htm",
	failed with error code -1100 (File does not exist.)
ERROR: Download of "http://www.internetworldstats.com/car/vc.htm",
	referenced from "http://www.internetworldstats.com/carib.htm",
	failed with error code -1100 (File does not exist.)
ERROR: Download of "http://www.internetworldstats.com/af/ss.htm",
	referenced from "http://www.internetworldstats.com/africa.htm",
	failed with error code -1100 (File does not exist.)
ERROR: Download of "http://www.internetworldstats.com/iburst.htm",
	referenced from "http://www.internetworldstats.com/europa1.htm",
	failed with error code -1100 (File does not exist.)
ERROR: Download of "http://www.internetworldstats.com/eu/eu.htm",
	referenced from "http://www.internetworldstats.com/europa.htm",
	failed with error code -1100 (File does not exist.)
ERROR: Download of "http://www.internetworldstats.com/search/Australia.htm",
	referenced from "http://www.internetworldstats.com/pacific.htm",
	failed with error code -1100 (File does not exist.)
ERROR: Download of "http://www.internetworldstats.com/eu/euc.htm",
	referenced from "http://www.internetworldstats.com/europa2.htm",
	failed with error code -1100 (File does not exist.)
ERROR: Download of "http://www.internetworldstats.com/sp/tv.htm",
	referenced from "http://www.internetworldstats.com/pacific.htm",
	failed with error code -1100 (File does not exist.)
ERROR: Download of "http://www.internetworldstats.com/euro/kv.htm",
	referenced from "http://www.internetworldstats.com/europa.htm",
	failed with error code -1100 (File does not exist.)
ERROR: Download of "http://www.internetworldstats.com/euro/hr.htm",
	referenced from "http://www.internetworldstats.com/europa.htm",
	failed with error code -1100 (File does not exist.)
ERROR: Download of "http://www.internetworldstats.com/liveclock.js",
	referenced from "http://www.internetworldstats.com/time.htm",
	failed with error code -1100 (File does not exist.)
ERROR: Download of "http://www.internetworldstats.com/ http:/www.internetworldstats.com/pacific.htm",
	referenced from "http://www.internetworldstats.com/top25.htm",
	failed with error code -1100 (File does not exist.)
ERROR: Download of "http://www.internetworldstats.com/ http:/www.internetworldstats.com/am/ca.htm",
	referenced from "http://www.internetworldstats.com/top25.htm",
	failed with error code -1100 (File does not exist.)
ERROR: Download of "http://www.internetworldstats.com/topusage.htm",
	referenced from "http://www.internetworldstats.com/top10.htm",
	failed with error code -1100 (File does not exist.)
ERROR: Download of "http://www.internetworldstats.com/euro/mo.htm",
	referenced from "http://www.internetworldstats.com/dsl.htm",
	failed with error code -1100 (File does not exist.)
ERROR: Download of "http://www.internetworldstats.com/links8.htm",
	referenced from "http://www.internetworldstats.com/dsl.htm",
	failed with error code -1100 (File does not exist.)
ERROR: Download of "http://www.internetworldstats.com/images/portuguese2011pr.png",
	referenced from "http://www.internetworldstats.com/stats20.htm",
	failed with error code -1100 (File does not exist.)
ERROR: Download of "http://www.internetworldstats.com/images/portuguese2011.png",
	referenced from "http://www.internetworldstats.com/stats20.htm",
	failed with error code -1100 (File does not exist.)
ERROR: Download of "http://www.internetworldstats.com/af/st.htm",
	referenced from "http://www.internetworldstats.com/stats20.htm",
	failed with error code -1100 (File does not exist.)
ERROR: Download of "http://www.internetworldstats.com/asia/tl.htm",
	referenced from "http://www.internetworldstats.com/stats20.htm",
	failed with error code -1100 (File does not exist.)
ERROR: Download of "http://www.internetworldstats.com/af/gw.htm",
	referenced from "http://www.internetworldstats.com/stats20.htm",
	failed with error code -1100 (File does not exist.)
ERROR: Download of "http://www.internetworldstats.com/images/spanish2011pie.png",
	referenced from "http://www.internetworldstats.com/stats13.htm",
	failed with error code -1100 (File does not exist.)
ERROR: Download of "http://www.internetworldstats.com/images/spanish2011pr.png",
	referenced from "http://www.internetworldstats.com/stats13.htm",
	failed with error code -1100 (File does not exist.)
ERROR: Download of "http://www.internetworldstats.com/images/spanish2011top.png",
	referenced from "http://www.internetworldstats.com/stats13.htm",
	failed with error code -1100 (File does not exist.)
ERROR: Download of "http://www.internetworldstats.com/sa/cr.htm",
	referenced from "http://www.internetworldstats.com/stats13.htm",
	failed with error code -1100 (File does not exist.)
ERROR: Download of "http://www.internetworldstats.com/af/gq.htm",
	referenced from "http://www.internetworldstats.com/stats13.htm",
	failed with error code -1100 (File does not exist.)
ERROR: Download of "http://www.internetworldstats.com/images/chinese2011pr.png",
	referenced from "http://www.internetworldstats.com/stats17.htm",
	failed with error code -1100 (File does not exist.)
ERROR: Download of "http://www.internetworldstats.com/images/chinese2011.png",
	referenced from "http://www.internetworldstats.com/stats17.htm",
	failed with error code -1100 (File does not exist.)
ERROR: Download of "http://www.internetworldstats.com/astracker/ast.php",
	referenced from "http://www.internetworldstats.com/stats17.htm",
	failed with error code -1100 (File does not exist.)
ERROR: Download of "http://www.internetworldstats.com/images/caribbean_pie.gif",
	referenced from "http://www.internetworldstats.com/stats11.htm",
	failed with error code -1100 (File does not exist.)
ERROR: Download of "http://www.internetworldstats.com/ind/ind002.htm",
	referenced from "http://www.internetworldstats.com/links1.htm",
	failed with error code -1100 (File does not exist.)
ERROR: Download of "http://www.internetworldstats.com/ind/ind001.htm",
	referenced from "http://www.internetworldstats.com/links1.htm",
	failed with error code -1100 (File does not exist.)
ERROR: Download of "http://www.internetworldstats.com/af/cf.htm",
	referenced from "http://www.internetworldstats.com/links.htm",
	failed with error code -1100 (File does not exist.)
ERROR: Download of "http://www.internetworldstats.com/af/td.htm",
	referenced from "http://www.internetworldstats.com/links.htm",
	failed with error code -1100 (File does not exist.)
ERROR: Download of "http://www.internetworldstats.com/af/er.htm",
	referenced from "http://www.internetworldstats.com/links.htm",
	failed with error code -1100 (File does not exist.)
ERROR: Download of "http://www.internetworldstats.com/af/ga.htm",
	referenced from "http://www.internetworldstats.com/links.htm",
	failed with error code -1100 (File does not exist.)
ERROR: Download of "http://www.internetworldstats.com/af/gm.htm",
	referenced from "http://www.internetworldstats.com/links.htm",
	failed with error code -1100 (File does not exist.)
ERROR: Download of "http://www.internetworldstats.com/af/lr.htm",
	referenced from "http://www.internetworldstats.com/af/index.htm",
	failed with error code -1100 (File does not exist.)
ERROR: Download of "http://www.internetworldstats.com/af/ls.htm",
	referenced from "http://www.internetworldstats.com/af/index.htm",
	failed with error code -1100 (File does not exist.)
ERROR: Download of "http://www.internetworldstats.com/af/gn.htm",
	referenced from "http://www.internetworldstats.com/links.htm",
	failed with error code -1100 (File does not exist.)
ERROR: Download of "http://www.internetworldstats.com/af/mw.htm",
	referenced from "http://www.internetworldstats.com/af/index.htm",
	failed with error code -1100 (File does not exist.)
ERROR: Download of "http://www.internetworldstats.com/af/ml.htm",
	referenced from "http://www.internetworldstats.com/af/index.htm",
	failed with error code -1100 (File does not exist.)
ERROR: Download of "http://www.internetworldstats.com/af/yt.htm",
	referenced from "http://www.internetworldstats.com/af/index.htm",
	failed with error code -1100 (File does not exist.)
ERROR: Download of "http://www.internetworldstats.com/af/mu.htm",
	referenced from "http://www.internetworldstats.com/af/index.htm",
	failed with error code -1100 (File does not exist.)
ERROR: Download of "http://www.internetworldstats.com/af/re.htm",
	referenced from "http://www.internetworldstats.com/af/index.htm",
	failed with error code -1100 (File does not exist.)
ERROR: Download of "http://www.internetworldstats.com/af/sc.htm",
	referenced from "http://www.internetworldstats.com/af/index.htm",
	failed with error code -1100 (File does not exist.)
ERROR: Download of "http://www.internetworldstats.com/af/sh.htm",
	referenced from "http://www.internetworldstats.com/af/index.htm",
	failed with error code -1100 (File does not exist.)
ERROR: Download of "http://www.internetworldstats.com/af/eh.htm",
	referenced from "http://www.internetworldstats.com/af/index.htm",
	failed with error code -1100 (File does not exist.)
ERROR: Download of "http://www.internetworldstats.com/af/sw.htm",
	referenced from "http://www.internetworldstats.com/af/index.htm",
	failed with error code -1100 (File does not exist.)
ERROR: Download of "http://www.internetworldstats.com/af/tg.htm",
	referenced from "http://www.internetworldstats.com/af/index.htm",
	failed with error code -1100 (File does not exist.)
ERROR: Download of "http://www.internetworldstats.com/af/sl.htm",
	referenced from "http://www.internetworldstats.com/af/index.htm",
	failed with error code -1100 (File does not exist.)
ERROR: Download of "http://www.internetworldstats.com/sp/ck.htm",
	referenced from "http://www.internetworldstats.com/sp/index.htm",
	failed with error code -1100 (File does not exist.)
ERROR: Download of "http://www.internetworldstats.com/sp/pf.htm",
	referenced from "http://www.internetworldstats.com/sp/index.htm",
	failed with error code -1100 (File does not exist.)
ERROR: Download of "http://www.internetworldstats.com/sp/as.htm",
	referenced from "http://www.internetworldstats.com/sp/index.htm",
	failed with error code -1100 (File does not exist.)
ERROR: Download of "http://www.internetworldstats.com/car/an.htm",
	referenced from "http://www.internetworldstats.com/car/index.htm",
	failed with error code -1100 (File does not exist.)
ERROR: Download of "http://www.internetworldstats.com/sp/gu.htm",
	referenced from "http://www.internetworldstats.com/sp/index.htm",
	failed with error code -1100 (File does not exist.)
ERROR: Download of "http://www.internetworldstats.com/sp/fm.htm",
	referenced from "http://www.internetworldstats.com/sp/index.htm",
	failed with error code -1100 (File does not exist.)
ERROR: Download of "http://www.internetworldstats.com/sp/ki.htm",
	referenced from "http://www.internetworldstats.com/sp/index.htm",
	failed with error code -1100 (File does not exist.)
ERROR: Download of "http://www.internetworldstats.com/sp/nc.htm",
	referenced from "http://www.internetworldstats.com/sp/index.htm",
	failed with error code -1100 (File does not exist.)
ERROR: Download of "http://www.internetworldstats.com/sp/mh.htm",
	referenced from "http://www.internetworldstats.com/sp/index.htm",
	failed with error code -1100 (File does not exist.)
ERROR: Download of "http://www.internetworldstats.com/sp/nr.htm",
	referenced from "http://www.internetworldstats.com/sp/index.htm",
	failed with error code -1100 (File does not exist.)
ERROR: Download of "http://www.internetworldstats.com/sp/pw.htm",
	referenced from "http://www.internetworldstats.com/sp/index.htm",
	failed with error code -1100 (File does not exist.)
ERROR: Download of "http://www.internetworldstats.com/sp/mp.htm",
	referenced from "http://www.internetworldstats.com/sp/index.htm",
	failed with error code -1100 (File does not exist.)
ERROR: Download of "http://www.internetworldstats.com/sp/to.htm",
	referenced from "http://www.internetworldstats.com/sp/index.htm",
	failed with error code -1100 (File does not exist.)
ERROR: Download of "http://www.internetworldstats.com/sp/ws.htm",
	referenced from "http://www.internetworldstats.com/sp/index.htm",
	failed with error code -1100 (File does not exist.)
ERROR: Download of "http://www.internetworldstats.com/contact.php",
	referenced from "http://www.internetworldstats.com/blog2.htm",
	failed with error code -1100 (File does not exist.)
ERROR: Download of "http://www.internetworldstats.com/articles/unitedstates.htm",
	referenced from "http://www.internetworldstats.com/articles/art030.htm",
	failed with error code -1100 (File does not exist.)
ERROR: Download of "http://www.internetworldstats.com/contact1.php",
	referenced from "http://www.internetworldstats.com/blog4.htm",
	failed with error code -1100 (File does not exist.)
ERROR: Download of "http://www.internetworldstats.com/car/surfing.htm",
	referenced from "http://www.internetworldstats.com/car/ai.htm",
	failed with error code -1100 (File does not exist.)
ERROR: Download of "http://www.internetworldstats.com/me/surfing.htm",
	referenced from "http://www.internetworldstats.com/me/ir.htm",
	failed with error code -1100 (File does not exist.)
ERROR: Download of "http://www.internetworldstats.com/eu/images/Denmarkflag.jpg",
	referenced from "http://www.internetworldstats.com/eu/dk.htm",
	failed with error code -1100 (File does not exist.)
ERROR: Download of "http://www.internetworldstats.com/eu/surfing.htm",
	referenced from "http://www.internetworldstats.com/eu/ee.htm",
	failed with error code -1100 (File does not exist.)
ERROR: Download of "http://www.internetworldstats.com/eu/is.htm",
	referenced from "http://www.internetworldstats.com/eu/ee.htm",
	failed with error code -1100 (File does not exist.)
ERROR: Download of "http://www.internetworldstats.com/sa/stats26.htm",
	referenced from "http://www.internetworldstats.com/sa/fk.htm",
	failed with error code -1100 (File does not exist.)
ERROR: Download of "http://www.internetworldstats.com/sp/au2.htm",
	referenced from "http://www.internetworldstats.com/sp/au.htm",
	failed with error code -1100 (File does not exist.)
ERROR: Download of "http://www.internetworldstats.com/articles/stats26.htm",
	referenced from "http://www.internetworldstats.com/articles/art003.htm",
	failed with error code -1100 (File does not exist.)
ERROR: Download of "http://www.internetworldstats.com/images/djibouti.png",
	referenced from "http://www.internetworldstats.com/af/dj.htm",
	failed with error code -1100 (File does not exist.)
ERROR: Download of "http://www.internetworldstats.com/images/comoros.png",
	referenced from "http://www.internetworldstats.com/af/km.htm",
	failed with error code -1100 (File does not exist.)
ERROR: Download of "http://www.internetworldstats.com/images/niger.gif",
	referenced from "http://www.internetworldstats.com/af/mz.htm",
	failed with error code -1100 (File does not exist.)
ERROR: Download of "http://www.Internetworldstats.com/sa/stats26.htm",
	referenced from "http://www.Internetworldstats.com/sa/fk.htm",
	failed with error code -1100 (File does not exist.)
ERROR: Download of "http://www.internetworldstats.com/usage/stats26.htm",
	referenced from "http://www.internetworldstats.com/usage/use017.htm",
	failed with error code -1100 (File does not exist.)
ERROR: Download of "http://www.internetworldstats.com/pr/index.jsp_files/bw_styles.css",
	referenced from "http://www.internetworldstats.com/pr/press007.htm",
	failed with error code -1100 (File does not exist.)
ERROR: Download of "http://www.internetworldstats.com/pr/index.jsp_files/spacer_002.gif",
	referenced from "http://www.internetworldstats.com/pr/press007.htm",
	failed with error code -1100 (File does not exist.)
ERROR: Download of "http://www.internetworldstats.com/images/rwanda.gif",
	referenced from "http://www.internetworldstats.com/af/rw.htm",
	failed with error code -1100 (File does not exist.)
ERROR: Download of "http://www.internetworldstats.com/images/zambia.gif",
	referenced from "http://www.internetworldstats.com/af/zm.htm",
	failed with error code -1100 (File does not exist.)
ERROR: Download of "http://www.internetworldstats.com/images/namibia.gif",
	referenced from "http://www.internetworldstats.com/af/na.htm",
	failed with error code -1100 (File does not exist.)
ERROR: Download of "http://www.InternetWorldStats.com/images/eu2012top.png",
	referenced from "http://www.InternetWorldStats.com/stats9.htm",
	failed with error code -1100 (File does not exist.)
ERROR: Download of "http://www.InternetWorldStats.com/images/eu2012pr.png",
	referenced from "http://www.InternetWorldStats.com/stats9.htm",
	failed with error code -1100 (File does not exist.)
ERROR: Download of "http://www.internetworldstats.com/ind/penrate2003.pdf",
	referenced from "http://www.internetworldstats.com/pr/edi008.htm",
	failed with error code -1100 (File does not exist.)
ERROR: Download of "http://www.internetworldstats.com/ind/stats2003.pdf",
	referenced from "http://www.internetworldstats.com/pr/edi008.htm",
	failed with error code -1100 (File does not exist.)
ERROR: Download of "http://www.internetworldstats.com/200610data.pdf",
	referenced from "http://www.internetworldstats.com/pr/edi023.htm",
	failed with error code -1100 (File does not exist.)
ERROR: Download of "http://www.Internetworldstats.com/images/eu2012pr.png",
	referenced from "http://www.Internetworldstats.com/stats9.htm",
	failed with error code -1100 (File does not exist.)
ERROR: Download of "http://www.Internetworldstats.com/images/eu2012top.png",
	referenced from "http://www.Internetworldstats.com/stats9.htm",
	failed with error code -1100 (File does not exist.)
ERROR: Download of "http://www.Internetworldstats.com/list4.htm",
	referenced from "http://www.Internetworldstats.com/list2.htm",
	failed with error code -1100 (File does not exist.)
ERROR: Download of "http://www.InternetWorldStats.com/af/ss.htm",
	referenced from "http://www.InternetWorldStats.com/africa.htm",
	failed with error code -1100 (File does not exist.)
ERROR: Download of "http://www.InternetWorldStats.com/eu/eu.htm",
	referenced from "http://www.InternetWorldStats.com/europa.htm",
	failed with error code -1100 (File does not exist.)
ERROR: Download of "http://www.InternetWorldStats.com/ http:/www.internetworldstats.com/am/ca.htm",
	referenced from "http://www.InternetWorldStats.com/top25.htm",
	failed with error code -1100 (File does not exist.)
ERROR: Download of "http://www.InternetWorldStats.com/ http:/www.internetworldstats.com/pacific.htm",
	referenced from "http://www.InternetWorldStats.com/top25.htm",
	failed with error code -1100 (File does not exist.)
ERROR: Download of "http://www.InternetWorldStats.com/euro/mo.htm",
	referenced from "http://www.InternetWorldStats.com/dsl.htm",
	failed with error code -1100 (File does not exist.)
ERROR: Download of "http://www.InternetWorldStats.com/links8.htm",
	referenced from "http://www.InternetWorldStats.com/dsl.htm",
	failed with error code -1100 (File does not exist.)
ERROR: Download of "http://www.InternetWorldStats.com/images/caribbean_pie.gif",
	referenced from "http://www.InternetWorldStats.com/stats11.htm",
	failed with error code -1100 (File does not exist.)
ERROR: Download of "http://www.InternetWorldStats.com/list4.htm",
	referenced from "http://www.InternetWorldStats.com/list1.htm",
	failed with error code -1100 (File does not exist.)
ERROR: Download of "http://www.InternetWorldStats.com/articles/unitedstates.htm",
	referenced from "http://www.InternetWorldStats.com/articles/art030.htm",
	failed with error code -1100 (File does not exist.)
ERROR: Download of "http://www.InternetWorldStats.com/contact.php",
	referenced from "http://www.InternetWorldStats.com/blog2.htm",
	failed with error code -1100 (File does not exist.)
ERROR: Download of "http://www.InternetWorldStats.com/contact1.php",
	referenced from "http://www.InternetWorldStats.com/blog4.htm",
	failed with error code -1100 (File does not exist.)
ERROR: Download of "http://www.InternetWorldStats.com/articles/stats26.htm",
	referenced from "http://www.InternetWorldStats.com/articles/art003.htm",
	failed with error code -1100 (File does not exist.)
ERROR: Download of "http://www.Internetworldstats.com/images/caribbean_pie.gif",
	referenced from "http://www.Internetworldstats.com/stats11.htm",
	failed with error code -1100 (File does not exist.)
ERROR: Download of "http://www.Internetworldstats.com/af/ss.htm",
	referenced from "http://www.Internetworldstats.com/africa.htm",
	failed with error code -1100 (File does not exist.)
ERROR: Download of "http://www.Internetworldstats.com/eu/eu.htm",
	referenced from "http://www.Internetworldstats.com/europa.htm",
	failed with error code -1100 (File does not exist.)
ERROR: Download of "http://www.Internetworldstats.com/euro/mo.htm",
	referenced from "http://www.Internetworldstats.com/dsl.htm",
	failed with error code -1100 (File does not exist.)
ERROR: Download of "http://www.Internetworldstats.com/links8.htm",
	referenced from "http://www.Internetworldstats.com/dsl.htm",
	failed with error code -1100 (File does not exist.)
ERROR: Download of "http://www.Internetworldstats.com/ http:/www.internetworldstats.com/pacific.htm",
	referenced from "http://www.Internetworldstats.com/top25.htm",
	failed with error code -1100 (File does not exist.)
ERROR: Download of "http://www.Internetworldstats.com/ http:/www.internetworldstats.com/am/ca.htm",
	referenced from "http://www.Internetworldstats.com/top25.htm",
	failed with error code -1100 (File does not exist.)
ERROR: Download of "http://www.Internetworldstats.com/me/surfing.htm",
	referenced from "http://www.Internetworldstats.com/me/kw.htm",
	failed with error code -1100 (File does not exist.)
ERROR: Download of "http://www.InternetWorldStats.com/eu/images/Denmarkflag.jpg",
	referenced from "http://www.InternetWorldStats.com/eu/dk.htm",
	failed with error code -1100 (File does not exist.)
ERROR: Download of "http://www.InternetWorldStats.com/sp/au2.htm",
	referenced from "http://www.InternetWorldStats.com/sp/au.htm",
	failed with error code -1100 (File does not exist.)
ERROR: Download of "http://www.InternetWorldStats.com/pr/index.jsp_files/spacer_002.gif",
	referenced from "http://www.InternetWorldStats.com/pr/press001.htm",
	failed with error code -1100 (File does not exist.)
ERROR: Download of "http://www.InternetWorldStats.com/pr/index.jsp_files/bw_styles.css",
	referenced from "http://www.InternetWorldStats.com/pr/press001.htm",
	failed with error code -1100 (File does not exist.)
ERROR: Download of "http://www.InternetWorldStats.com/me/surfing.htm",
	referenced from "http://www.InternetWorldStats.com/me/bh.htm",
	failed with error code -1100 (File does not exist.)
ERROR: Download of "http://www.InternetWorldStats.com/sa/stats26.htm",
	referenced from "http://www.InternetWorldStats.com/sa/py.htm",
	failed with error code -1100 (File does not exist.)
ERROR: Download of "http://www.InternetWorldStats.com/images/chinese2011pr.png",
	referenced from "http://www.InternetWorldStats.com/stats17.htm",
	failed with error code -1100 (File does not exist.)
ERROR: Download of "http://www.InternetWorldStats.com/images/chinese2011.png",
	referenced from "http://www.InternetWorldStats.com/stats17.htm",
	failed with error code -1100 (File does not exist.)
ERROR: Download of "http://www.InternetWorldStats.com/images/portuguese2011pr.png",
	referenced from "http://www.InternetWorldStats.com/stats20.htm",
	failed with error code -1100 (File does not exist.)
ERROR: Download of "http://www.InternetWorldStats.com/images/portuguese2011.png",
	referenced from "http://www.InternetWorldStats.com/stats20.htm",
	failed with error code -1100 (File does not exist.)
ERROR: Download of "http://www.InternetWorldStats.com/images/spanish2011pie.png",
	referenced from "http://www.InternetWorldStats.com/stats13.htm",
	failed with error code -1100 (File does not exist.)
ERROR: Download of "http://www.InternetWorldStats.com/images/spanish2011top.png",
	referenced from "http://www.InternetWorldStats.com/stats13.htm",
	failed with error code -1100 (File does not exist.)
ERROR: Download of "http://www.InternetWorldStats.com/images/spanish2011pr.png",
	referenced from "http://www.InternetWorldStats.com/stats13.htm",
	failed with error code -1100 (File does not exist.)
ERROR: Download of "http://www.InternetWorldStats.com/ind/ind001.htm",
	referenced from "http://www.InternetWorldStats.com/links1.htm",
	failed with error code -1100 (File does not exist.)
ERROR: Download of "http://www.InternetWorldStats.com/ind/ind002.htm",
	referenced from "http://www.InternetWorldStats.com/links1.htm",
	failed with error code -1100 (File does not exist.)
ERROR: Download of "http://www.InternetWorldStats.com/topusage.htm",
	referenced from "http://www.InternetWorldStats.com/top10.htm",
	failed with error code -1100 (File does not exist.)
ERROR: Download of "http://www.Internetworldstats.com/images/spanish2011pie.png",
	referenced from "http://www.Internetworldstats.com/stats13.htm",
	failed with error code -1100 (File does not exist.)
ERROR: Download of "http://www.Internetworldstats.com/images/chinese2011.png",
	referenced from "http://www.Internetworldstats.com/stats17.htm",
	failed with error code -1100 (File does not exist.)
ERROR: Download of "http://www.Internetworldstats.com/images/chinese2011pr.png",
	referenced from "http://www.Internetworldstats.com/stats17.htm",
	failed with error code -1100 (File does not exist.)
ERROR: Download of "http://www.Internetworldstats.com/images/spanish2011pr.png",
	referenced from "http://www.Internetworldstats.com/stats13.htm",
	failed with error code -1100 (File does not exist.)
ERROR: Download of "http://www.Internetworldstats.com/images/spanish2011top.png",
	referenced from "http://www.Internetworldstats.com/stats13.htm",
	failed with error code -1100 (File does not exist.)
ERROR: Download of "http://www.Internetworldstats.com/articles/unitedstates.htm",
	referenced from "http://www.Internetworldstats.com/articles/art030.htm",
	failed with error code -1100 (File does not exist.)
ERROR: Download of "http://www.Internetworldstats.com/articles/stats26.htm",
	referenced from "http://www.Internetworldstats.com/articles/art003.htm",
	failed with error code -1100 (File does not exist.)
ERROR: Download of "http://www.Internetworldstats.com/contact1.php",
	referenced from "http://www.Internetworldstats.com/blog4.htm",
	failed with error code -1100 (File does not exist.)
ERROR: Download of "http://www.Internetworldstats.com/contact.php",
	referenced from "http://www.Internetworldstats.com/blog2.htm",
	failed with error code -1100 (File does not exist.)
ERROR: Download of "http://www.Internetworldstats.com/car/surfing.htm",
	referenced from "http://www.Internetworldstats.com/car/aw.htm",
	failed with error code -1100 (File does not exist.)
ERROR: Download of "http://www.Internetworldstats.com/eu/images/Denmarkflag.jpg",
	referenced from "http://www.Internetworldstats.com/eu/dk.htm",
	failed with error code -1100 (File does not exist.)
ERROR: Download of "http://www.Internetworldstats.com/sp/au2.htm",
	referenced from "http://www.Internetworldstats.com/sp/au.htm",
	failed with error code -1100 (File does not exist.)
ERROR: Download of "http://www.InternetWorldStats.com/car/surfing.htm",
	referenced from "http://www.InternetWorldStats.com/car/ai.htm",
	failed with error code -1100 (File does not exist.)
ERROR: Download of "http://www.Internetworldstats.com/images/portuguese2011pr.png",
	referenced from "http://www.Internetworldstats.com/stats20.htm",
	failed with error code -1100 (File does not exist.)
ERROR: Download of "http://www.Internetworldstats.com/images/portuguese2011.png",
	referenced from "http://www.Internetworldstats.com/stats20.htm",
	failed with error code -1100 (File does not exist.)
ERROR: Download of "http://www.Internetworldstats.com/topusage.htm",
	referenced from "http://www.Internetworldstats.com/top10.htm",
	failed with error code -1100 (File does not exist.)
ERROR: Download of "http://www.Internetworldstats.com/pr/index.jsp_files/bw_styles.css",
	referenced from "http://www.Internetworldstats.com/pr/press002.htm",
	failed with error code -1100 (File does not exist.)
ERROR: Download of "http://www.Internetworldstats.com/ind/ind002.htm",
	referenced from "http://www.Internetworldstats.com/links1.htm",
	failed with error code -1100 (File does not exist.)
ERROR: Download of "http://www.Internetworldstats.com/ind/ind001.htm",
	referenced from "http://www.Internetworldstats.com/links1.htm",
	failed with error code -1100 (File does not exist.)
ERROR: Download of "http://www.Internetworldstats.com/pr/index.jsp_files/spacer_002.gif",
	referenced from "http://www.Internetworldstats.com/pr/press002.htm",
	failed with error code -1100 (File does not exist.)

29.04.2013 16:02:14

---------------------

29.04.2013 18:10:56

ERROR: Download of "http://www.preservearticles.com/undefined/",
	referenced from "http://www.preservearticles.com/copyright-infringement-takedown-notification-policy-preservearticlescom.html",
	failed with error code -1100 (File does not exist.)

29.04.2013 18:11:11

---------------------

